shetuanbao/F_Team_President/F_Team_President/build/outputs/logs/manifest-merger-debug-report.txt
-- Merging decision tree log ---
manifest
ADDED from workspace\F_Team_President\AndroidManifest.xml:2:1-46:12
	package
		ADDED from workspace\F_Team_President\AndroidManifest.xml:3:5-36
	android:versionName
		ADDED from workspace\F_Team_President\AndroidManifest.xml:5:5-30
		INJECTED from workspace\F_Team_President\AndroidManifest.xml
		INJECTED from workspace\F_Team_President\AndroidManifest.xml
	android:versionCode
		ADDED from workspace\F_Team_President\AndroidManifest.xml:4:5-28
		INJECTED from workspace\F_Team_President\AndroidManifest.xml
		INJECTED from workspace\F_Team_President\AndroidManifest.xml
	xmlns:android
		ADDED from workspace\F_Team_President\AndroidManifest.xml:2:11-69
uses-sdk
ADDED from workspace\F_Team_President\AndroidManifest.xml:6:5-8:41
	android:targetSdkVersion
		ADDED from workspace\F_Team_President\AndroidManifest.xml:8:9-38
	android:minSdkVersion
		ADDED from workspace\F_Team_President\AndroidManifest.xml:7:9-35
uses-permission#android.permission.INTERNET
ADDED from workspace\F_Team_President\AndroidManifest.xml:9:5-67
	android:name
		ADDED from workspace\F_Team_President\AndroidManifest.xml:9:22-64
uses-permission#android.permission.ACCESS_WIFI_STATE
ADDED from workspace\F_Team_President\AndroidManifest.xml:10:5-75
	android:name
		ADDED from workspace\F_Team_President\AndroidManifest.xml:10:22-73
uses-permission#android.permission.WRITE_EXTERNAL_STORAGE
ADDED from workspace\F_Team_President\AndroidManifest.xml:11:5-81
	android:name
		ADDED from workspace\F_Team_President\AndroidManifest.xml:11:22-78
uses-permission#android.permission.MOUNT_UNMOUNT_FILESYSTEMS
ADDED from workspace\F_Team_President\AndroidManifest.xml:12:5-84
	android:name
		ADDED from workspace\F_Team_President\AndroidManifest.xml:12:22-81
application
ADDED from workspace\F_Team_President\AndroidManifest.xml:13:5-45:19
	android:label
		ADDED from workspace\F_Team_President\AndroidManifest.xml:16:9-41
	android:allowBackup
		ADDED from workspace\F_Team_President\AndroidManifest.xml:14:9-35
	android:icon
		ADDED from workspace\F_Team_President\AndroidManifest.xml:15:9-51
	android:theme
		ADDED from workspace\F_Team_President\AndroidManifest.xml:17:9-40
activity#com.example.president.LoginActivity
ADDED from workspace\F_Team_President\AndroidManifest.xml:18:9-27:20
	android:label
		ADDED from workspace\F_Team_President\AndroidManifest.xml:20:13-45
	android:theme
		ADDED from workspace\F_Team_President\AndroidManifest.xml:21:13-61
	android:name
		ADDED from workspace\F_Team_President\AndroidManifest.xml:19:13-63
intent-filter#android.intent.action.MAIN+android.intent.category.LAUNCHER
ADDED from workspace\F_Team_President\AndroidManifest.xml:22:13-26:29
action#android.intent.action.MAIN
ADDED from workspace\F_Team_President\AndroidManifest.xml:23:17-69
	android:name
		ADDED from workspace\F_Team_President\AndroidManifest.xml:23:25-66
category#android.intent.category.LAUNCHER
ADDED from workspace\F_Team_President\AndroidManifest.xml:25:17-77
	android:name
		ADDED from workspace\F_Team_President\AndroidManifest.xml:25:27-74
activity#com.example.president.MainActivity
ADDED from workspace\F_Team_President\AndroidManifest.xml:28:10-29:26
	android:name
		ADDED from workspace\F_Team_President\AndroidManifest.xml:28:20-69
activity#com.example.president.shetuanmanger
ADDED from workspace\F_Team_President\AndroidManifest.xml:30:9-81
	android:name
		ADDED from workspace\F_Team_President\AndroidManifest.xml:30:19-69
activity#com.example.president.zengjiashetuan
ADDED from workspace\F_Team_President\AndroidManifest.xml:31:9-82
	android:name
		ADDED from workspace\F_Team_President\AndroidManifest.xml:31:19-70
activity#com.example.president.shanchushetuan
ADDED from workspace\F_Team_President\AndroidManifest.xml:32:9-82
	android:name
		ADDED from workspace\F_Team_President\AndroidManifest.xml:32:19-70
activity#com.example.president.gaixiushetuan
ADDED from workspace\F_Team_President\AndroidManifest.xml:33:9-81
	android:name
		ADDED from workspace\F_Team_President\AndroidManifest.xml:33:19-69
activity#com.example.president.xiugaishetuanzhu
ADDED from workspace\F_Team_President\AndroidManifest.xml:34:9-84
	android:name
		ADDED from workspace\F_Team_President\AndroidManifest.xml:34:19-72
activity#com.example.president.YiJianActivity
ADDED from workspace\F_Team_President\AndroidManifest.xml:35:9-82
	android:name
		ADDED from workspace\F_Team_President\AndroidManifest.xml:35:19-70
activity#com.example.president.YiJianDetail
ADDED from workspace\F_Team_President\AndroidManifest.xml:36:9-80
	android:name
		ADDED from workspace\F_Team_President\AndroidManifest.xml:36:19-68
activity#com.example.president.guanli_zhanghao
ADDED from workspace\F_Team_President\AndroidManifest.xml:37:10-84
	android:name
		ADDED from workspace\F_Team_President\AndroidManifest.xml:37:20-72
activity#com.example.president.gerenActivity
ADDED from workspace\F_Team_President\AndroidManifest.xml:38:10-82
	android:name
		ADDED from workspace\F_Team_President\AndroidManifest.xml:38:20-70
activity#com.example.president.gerenxianshi
ADDED from workspace\F_Team_President\AndroidManifest.xml:39:10-81
	android:name
		ADDED from workspace\F_Team_President\AndroidManifest.xml:39:20-69
activity#com.example.president.shetuanzhanghao
ADDED from workspace\F_Team_President\AndroidManifest.xml:40:12-86
	android:name
		ADDED from workspace\F_Team_President\AndroidManifest.xml:40:22-74
activity#com.example.president.shetuanzhanghao_detail
ADDED from workspace\F_Team_President\AndroidManifest.xml:41:12-93
	android:name
		ADDED from workspace\F_Team_President\AndroidManifest.xml:41:22-81
activity#com.example.president.shetuanzhanghaoxinzeng
ADDED from workspace\F_Team_President\AndroidManifest.xml:42:12-93
	android:name
		ADDED from workspace\F_Team_President\AndroidManifest.xml:42:22-81
activity#com.example.president.fengjinshetuan
ADDED from workspace\F_Team_President\AndroidManifest.xml:43:14-87
	android:name
		ADDED from workspace\F_Team_President\AndroidManifest.xml:43:24-75
activity#com.example.president.sousuoliebiao
ADDED from workspace\F_Team_President\AndroidManifest.xml:44:15-87
	android:name
		ADDED from workspace\F_Team_President\AndroidManifest.xml:44:25-75